app/GAMS/src/BadmintonManagerPremium_studio/app/build/outputs/logs/manifest-merger-release-report.txt
-- Merging decision tree log ---
manifest
ADDED from src\main\AndroidManifest.xml:2:1-68:12
	package
		ADDED from src\main\AndroidManifest.xml:3:11-49
		INJECTED from src\main\AndroidManifest.xml
		INJECTED from src\main\AndroidManifest.xml
	android:versionName
		ADDED from src\main\AndroidManifest.xml:5:11-38
		INJECTED from src\main\AndroidManifest.xml
		INJECTED from src\main\AndroidManifest.xml
	android:versionCode
		ADDED from src\main\AndroidManifest.xml:4:11-35
		INJECTED from src\main\AndroidManifest.xml
		INJECTED from src\main\AndroidManifest.xml
	xmlns:android
		ADDED from src\main\AndroidManifest.xml:2:11-69
uses-sdk
ADDED from src\main\AndroidManifest.xml:7:5-9:40
MERGED from [com.android.support:support-v4:23.4.0] AndroidManifest.xml:20:5-43
MERGED from [BadmintonManagerPremium_studio:GAMS:unspecified] AndroidManifest.xml:7:5-9:41
MERGED from [com.android.support:support-v4:23.4.0] AndroidManifest.xml:20:5-43
	android:targetSdkVersion
		ADDED from src\main\AndroidManifest.xml:9:9-38
		INJECTED from src\main\AndroidManifest.xml
		INJECTED from src\main\AndroidManifest.xml
	android:minSdkVersion
		ADDED from src\main\AndroidManifest.xml:8:9-35
		INJECTED from src\main\AndroidManifest.xml
		INJECTED from src\main\AndroidManifest.xml
uses-permission#android.permission.WRITE_EXTERNAL_STORAGE
ADDED from src\main\AndroidManifest.xml:11:5-80
	android:name
		ADDED from src\main\AndroidManifest.xml:11:22-78
uses-permission#android.permission.RECORD_AUDIO
ADDED from src\main\AndroidManifest.xml:12:5-70
	android:name
		ADDED from src\main\AndroidManifest.xml:12:22-68
uses-permission#android.permission.VIBRATE
ADDED from src\main\AndroidManifest.xml:13:5-65
	android:name
		ADDED from src\main\AndroidManifest.xml:13:22-63
uses-permission#android.permission.INTERNET
ADDED from src\main\AndroidManifest.xml:14:5-66
	android:name
		ADDED from src\main\AndroidManifest.xml:14:22-64
application
ADDED from src\main\AndroidManifest.xml:16:5-66:19
MERGED from [com.android.support:support-v4:23.4.0] AndroidManifest.xml:22:5-20
MERGED from [BadmintonManagerPremium_studio:GAMS:unspecified] AndroidManifest.xml:11:5-16:19
MERGED from [com.android.support:support-v4:23.4.0] AndroidManifest.xml:22:5-20
	android:label
		ADDED from src\main\AndroidManifest.xml:19:9-41
	android:allowBackup
		ADDED from src\main\AndroidManifest.xml:17:9-35
	android:icon
		ADDED from src\main\AndroidManifest.xml:18:9-43
	android:theme
		ADDED from src\main\AndroidManifest.xml:20:9-40
activity#jp.gr.java_conf.bunooboi.bmp.Start
ADDED from src\main\AndroidManifest.xml:21:9-31:20
	android:label
		ADDED from src\main\AndroidManifest.xml:23:13-45
	android:launchMode
		ADDED from src\main\AndroidManifest.xml:24:13-44
	android:windowSoftInputMode
		ADDED from src\main\AndroidManifest.xml:25:13-60
	android:name
		ADDED from src\main\AndroidManifest.xml:22:13-34
intent-filter#android.intent.action.MAIN+android.intent.category.LAUNCHER
ADDED from src\main\AndroidManifest.xml:26:13-30:29
action#android.intent.action.MAIN
ADDED from src\main\AndroidManifest.xml:27:17-68
	android:name
		ADDED from src\main\AndroidManifest.xml:27:25-66
category#android.intent.category.LAUNCHER
ADDED from src\main\AndroidManifest.xml:29:17-76
	android:name
		ADDED from src\main\AndroidManifest.xml:29:27-74
activity#jp.gr.java_conf.bunooboi.bmp.Config
ADDED from src\main\AndroidManifest.xml:32:9-34:46
	android:launchMode
		ADDED from src\main\AndroidManifest.xml:34:13-44
	android:name
		ADDED from src\main\AndroidManifest.xml:33:13-35
activity#jp.gr.java_conf.bunooboi.bmp.Main
ADDED from src\main\AndroidManifest.xml:35:9-37:46
	android:launchMode
		ADDED from src\main\AndroidManifest.xml:37:13-44
	android:name
		ADDED from src\main\AndroidManifest.xml:36:13-33
activity#jp.gr.java_conf.bunooboi.bmp.History
ADDED from src\main\AndroidManifest.xml:38:9-40:46
	android:launchMode
		ADDED from src\main\AndroidManifest.xml:40:13-44
	android:name
		ADDED from src\main\AndroidManifest.xml:39:13-36
activity#jp.gr.java_conf.bunooboi.bmp.Download
ADDED from src\main\AndroidManifest.xml:41:9-43:46
	android:launchMode
		ADDED from src\main\AndroidManifest.xml:43:13-44
	android:name
		ADDED from src\main\AndroidManifest.xml:42:13-37
activity#jp.gr.java_conf.bunooboi.bmp.Overview
ADDED from src\main\AndroidManifest.xml:44:9-47:62
	android:launchMode
		ADDED from src\main\AndroidManifest.xml:46:13-44
	android:windowSoftInputMode
		ADDED from src\main\AndroidManifest.xml:47:13-60
	android:name
		ADDED from src\main\AndroidManifest.xml:45:13-37
activity#jp.gr.java_conf.bunooboi.bmp.ScoreTable
ADDED from src\main\AndroidManifest.xml:48:9-50:46
	android:launchMode
		ADDED from src\main\AndroidManifest.xml:50:13-44
	android:name
		ADDED from src\main\AndroidManifest.xml:49:13-39
activity#jp.gr.java_conf.bunooboi.bmp.Larry
ADDED from src\main\AndroidManifest.xml:51:9-53:46
	android:launchMode
		ADDED from src\main\AndroidManifest.xml:53:13-44
	android:name
		ADDED from src\main\AndroidManifest.xml:52:13-34
activity#jp.gr.java_conf.bunooboi.bmp.Gallery
ADDED from src\main\AndroidManifest.xml:54:9-56:46
	android:launchMode
		ADDED from src\main\AndroidManifest.xml:56:13-44
	android:name
		ADDED from src\main\AndroidManifest.xml:55:13-36
receiver#jp.gr.java_conf.bunooboi.bmp.Broadcast
ADDED from src\main\AndroidManifest.xml:58:9-65:20
	android:name
		ADDED from src\main\AndroidManifest.xml:58:19-44
intent-filter#android.intent.action.DOWNLOAD_COMPLETE+android.intent.category.DEFAULT
ADDED from src\main\AndroidManifest.xml:60:13-63:29
action#android.intent.action.DOWNLOAD_COMPLETE
ADDED from src\main\AndroidManifest.xml:61:17-81
	android:name
		ADDED from src\main\AndroidManifest.xml:61:25-79
category#android.intent.category.DEFAULT
ADDED from src\main\AndroidManifest.xml:62:17-75
	android:name
		ADDED from src\main\AndroidManifest.xml:62:27-73